
=== Sun Nov 10 19:25:40 2019

Packages were changed.
Update Mode: mergeDefaultDependencies

The following packages were 追加済:
  com.unity.package-manager-ui@2.2.0
  com.unity.ext.nunit@1.0.0
  com.unity.test-framework@1.0.13
  com.unity.ide.vscode@1.1.2
  com.unity.ide.rider@1.1.0
  com.unity.ugui@1.0.0
  com.unity.modules.androidjni@1.0.0
The following packages were 更新済:
  com.unity.collab-proxy をバージョン 1.2.9 から 1.2.16 へ
  com.unity.textmeshpro をバージョン 2.0.0 から 2.0.1 へ
  com.unity.timeline をバージョン 0.0.0-builtin から 1.1.0 へ

=== Wed Nov 20 23:13:11 2019

Packages were changed.
Update Mode: updateDependencies

The following packages were 追加済:
  com.unity.2d.tilemap@1.0.0
  com.unity.analytics@3.3.2
  com.unity.purchasing@2.0.6
  com.unity.ads@2.0.8
  com.unity.2d.sprite@1.0.0
  com.unity.multiplayer-hlapi@1.0.2
  com.unity.xr.legacyinputhelpers@2.0.2
